{
  "stats": {
    "suites": 1,
    "tests": 2,
    "passes": 2,
    "pending": 0,
    "failures": 0,
    "start": "2021-03-31T09:41:44.576Z",
    "end": "2021-03-31T09:42:54.396Z",
    "duration": 69820,
    "testsRegistered": 2,
    "passPercent": 100,
    "pendingPercent": 0,
    "other": 0,
    "hasOther": false,
    "skipped": 0,
    "hasSkipped": false
  },
  "results": [
    {
      "uuid": "0cc049b3-b596-48ed-a99a-9b25c86f0fea",
      "title": "",
      "fullFile": "cypress\\integration\\BDD\\Trualta.feature",
      "file": "cypress\\integration\\BDD\\Trualta.feature",
      "beforeHooks": [],
      "afterHooks": [],
      "tests": [],
      "suites": [
        {
          "uuid": "866ffd86-af7c-4bf0-b8da-e771bbdfc369",
          "title": "End to End Testing",
          "fullFile": "",
          "file": "",
          "beforeHooks": [],
          "afterHooks": [],
          "tests": [
            {
              "title": "First Name Blank",
              "fullTitle": "End to End Testing First Name Blank",
              "timedOut": null,
              "duration": 31287,
              "state": "passed",
              "speed": "slow",
              "pass": true,
              "fail": false,
              "pending": false,
              "context": null,
              "code": "const state = window.testState;\nreturn cy\n  .then(() => state.onStartScenario(scenario, indexedSteps))\n  .then(() =>\n    resolveAndRunBeforeHooks.call(this, scenario.tags, state.feature.name)\n  )\n  .then(() =>\n    indexedSteps.forEach((step) =>\n      stepTest.call(this, state, step, rowData)\n    )\n  )\n  .then(() =>\n    resolveAndRunAfterHooks.call(this, scenario.tags, state.feature.name)\n  )\n  .then(() => state.onFinishScenario(scenario));",
              "err": {},
              "uuid": "0a0f959e-c389-4ea1-88ca-aed5e285bbf4",
              "parentUUID": "866ffd86-af7c-4bf0-b8da-e771bbdfc369",
              "isHook": false,
              "skipped": false
            },
            {
              "title": "Filling the form with the first name blank",
              "fullTitle": "End to End Testing Filling the form with the first name blank",
              "timedOut": null,
              "duration": 22632,
              "state": "passed",
              "speed": "slow",
              "pass": true,
              "fail": false,
              "pending": false,
              "context": null,
              "code": "const state = window.testState;\nreturn cy\n  .then(() => state.onStartScenario(scenario, indexedSteps))\n  .then(() =>\n    resolveAndRunBeforeHooks.call(this, scenario.tags, state.feature.name)\n  )\n  .then(() =>\n    indexedSteps.forEach((step) =>\n      stepTest.call(this, state, step, rowData)\n    )\n  )\n  .then(() =>\n    resolveAndRunAfterHooks.call(this, scenario.tags, state.feature.name)\n  )\n  .then(() => state.onFinishScenario(scenario));",
              "err": {},
              "uuid": "44b251bd-c31e-4008-aaf2-437fa9ecce74",
              "parentUUID": "866ffd86-af7c-4bf0-b8da-e771bbdfc369",
              "isHook": false,
              "skipped": false
            }
          ],
          "suites": [],
          "passes": [
            "0a0f959e-c389-4ea1-88ca-aed5e285bbf4",
            "44b251bd-c31e-4008-aaf2-437fa9ecce74"
          ],
          "failures": [],
          "pending": [],
          "skipped": [],
          "duration": 53919,
          "root": false,
          "rootEmpty": false,
          "_timeout": 2000
        }
      ],
      "passes": [],
      "failures": [],
      "pending": [],
      "skipped": [],
      "duration": 0,
      "root": true,
      "rootEmpty": true,
      "_timeout": 2000
    }
  ],
  "meta": {
    "mocha": {
      "version": "7.0.1"
    },
    "mochawesome": {
      "options": {
        "quiet": false,
        "reportFilename": "mochawesome",
        "saveHtml": true,
        "saveJson": true,
        "consoleReporter": "spec",
        "useInlineDiffs": false,
        "code": true
      },
      "version": "6.2.1"
    },
    "marge": {
      "options": null,
      "version": "5.1.0"
    }
  }
}